<?xml version="1.0" encoding="UTF-8"?>
<testsuite xmlns:xsi="http://www.w3.org/2001/XMLSchema-instance" xsi:noNamespaceSchemaLocation="https://maven.apache.org/surefire/maven-surefire-plugin/xsd/surefire-test-report-3.0.xsd" version="3.0" name="tests.ProdutoCRUDTest" time="13.638" tests="1" errors="0" skipped="0" failures="0">
  <properties>
[...]
</properties>
  <testcase name="testCadastrarProduto" classname="tests.ProdutoCRUDTest" time="11.579">
    <system-out><![CDATA[19:21:50,709 |-INFO in ch.qos.logback.classic.LoggerContext[default] - This is logback-classic version 1.4.11
19:21:50,710 |-INFO in ch.qos.logback.classic.util.ContextInitializer@1787bc24 - No custom configurators were discovered as a service.
19:21:50,710 |-INFO in ch.qos.logback.classic.util.ContextInitializer@1787bc24 - Trying to configure with ch.qos.logback.classic.joran.SerializedModelConfigurator
19:21:50,712 |-INFO in ch.qos.logback.classic.util.ContextInitializer@1787bc24 - Constructed configurator of type class ch.qos.logback.classic.joran.SerializedModelConfigurator
19:21:50,734 |-INFO in ch.qos.logback.classic.LoggerContext[default] - Could NOT find resource [logback-test.scmo]
19:21:50,734 |-INFO in ch.qos.logback.classic.LoggerContext[default] - Could NOT find resource [logback.scmo]
19:21:50,739 |-INFO in ch.qos.logback.classic.util.ContextInitializer@1787bc24 - ch.qos.logback.classic.joran.SerializedModelConfigurator.configure() call lasted 22 milliseconds. ExecutionStatus=INVOKE_NEXT_IF_ANY
19:21:50,739 |-INFO in ch.qos.logback.classic.util.ContextInitializer@1787bc24 - Trying to configure with ch.qos.logback.classic.util.DefaultJoranConfigurator
19:21:50,739 |-INFO in ch.qos.logback.classic.util.ContextInitializer@1787bc24 - Constructed configurator of type class ch.qos.logback.classic.util.DefaultJoranConfigurator
19:21:50,744 |-INFO in ch.qos.logback.classic.LoggerContext[default] - Found resource [logback-test.xml] at [file:/C:/Users/User/OneDrive/Documentos/MyCode/Faculdade/clonar/EngSoftware/testes/target/test-classes/logback-test.xml]
19:21:50,873 |-INFO in ch.qos.logback.core.model.processor.AppenderModelHandler - Processing appender named [STDOUT]
19:21:50,873 |-INFO in ch.qos.logback.core.model.processor.AppenderModelHandler - About to instantiate appender of type [ch.qos.logback.core.ConsoleAppender]
19:21:50,882 |-INFO in ch.qos.logback.core.model.processor.ImplicitModelHandler - Assuming default type [ch.qos.logback.classic.encoder.PatternLayoutEncoder] for [encoder] property
19:21:50,927 |-INFO in ch.qos.logback.core.model.processor.AppenderModelHandler - Processing appender named [FILE]
19:21:50,927 |-INFO in ch.qos.logback.core.model.processor.AppenderModelHandler - About to instantiate appender of type [ch.qos.logback.core.rolling.RollingFileAppender]
19:21:50,949 |-INFO in c.q.l.core.rolling.TimeBasedRollingPolicy@88397182 - setting totalSizeCap to 1 GB
19:21:50,953 |-INFO in c.q.l.core.rolling.TimeBasedRollingPolicy@88397182 - Will use zip compression
19:21:50,954 |-INFO in c.q.l.core.rolling.TimeBasedRollingPolicy@88397182 - Will use the pattern logs/testes.%d{yyyy-MM-dd}.%i.log for the active file
19:21:50,957 |-INFO in ch.qos.logback.core.rolling.SizeAndTimeBasedFNATP@55c53a33 - The date pattern is 'yyyy-MM-dd' from file name pattern 'logs/testes.%d{yyyy-MM-dd}.%i.log.zip'.
19:21:50,957 |-INFO in ch.qos.logback.core.rolling.SizeAndTimeBasedFNATP@55c53a33 - Roll-over at midnight.
19:21:50,958 |-INFO in ch.qos.logback.core.rolling.SizeAndTimeBasedFNATP@55c53a33 - Setting initial period to 2025-12-09T22:21:50.958Z
19:21:50,959 |-WARN in ch.qos.logback.core.rolling.SizeAndTimeBasedFNATP@55c53a33 - SizeAndTimeBasedFNATP is deprecated. Use SizeAndTimeBasedRollingPolicy instead
19:21:50,959 |-WARN in ch.qos.logback.core.rolling.SizeAndTimeBasedFNATP@55c53a33 - For more information see http://logback.qos.ch/manual/appenders.html#SizeAndTimeBasedRollingPolicy
19:21:50,961 |-INFO in ch.qos.logback.core.model.processor.ImplicitModelHandler - Assuming default type [ch.qos.logback.classic.encoder.PatternLayoutEncoder] for [encoder] property
19:21:50,965 |-INFO in ch.qos.logback.core.rolling.RollingFileAppender[FILE] - Active log file name: logs/testes.log
19:21:50,965 |-INFO in ch.qos.logback.core.rolling.RollingFileAppender[FILE] - File property is set to [logs/testes.log]
19:21:50,966 |-INFO in ch.qos.logback.classic.model.processor.RootLoggerModelHandler - Setting level of ROOT logger to INFO
19:21:50,966 |-INFO in ch.qos.logback.core.model.processor.AppenderRefModelHandler - Attaching appender named [STDOUT] to Logger[ROOT]
19:21:50,968 |-INFO in ch.qos.logback.core.model.processor.AppenderRefModelHandler - Attaching appender named [FILE] to Logger[ROOT]
19:21:50,968 |-INFO in ch.qos.logback.classic.model.processor.LoggerModelHandler - Setting level of logger [org.openqa.selenium] to WARN
19:21:50,968 |-INFO in ch.qos.logback.core.model.processor.DefaultProcessor@53b7f657 - End of configuration.
19:21:50,969 |-INFO in ch.qos.logback.classic.joran.JoranConfigurator@797b0699 - Registering current configuration as safe fallback point
19:21:50,969 |-INFO in ch.qos.logback.classic.util.ContextInitializer@1787bc24 - ch.qos.logback.classic.util.DefaultJoranConfigurator.configure() call lasted 230 milliseconds. ExecutionStatus=DO_NOT_INVOKE_NEXT_IF_ANY

19:21:52.364 INFO  tests.ProdutoCRUDTest - Driver iniciado e páginas carregadas.
19:21:52.460 INFO  tests.ProdutoCRUDTest - Iniciando teste: testCadastrarProduto
19:21:52.462 INFO  tests.ProdutoCRUDTest - Abrindo página de login...
19:21:53.053 INFO  tests.ProdutoCRUDTest - Página de login carregada.
19:21:53.054 INFO  tests.ProdutoCRUDTest - Realizando login...
19:21:53.546 INFO  tests.ProdutoCRUDTest - Login realizado com sucesso.
19:21:53.742 INFO  tests.ProdutoCRUDTest - Criação categoria via API retornou status 400: {"message":"Já existe uma categoria com esse nome."}
19:21:54.453 INFO  tests.ProdutoCRUDTest - Botão produtos clicado.
19:21:54.711 INFO  tests.ProdutoCRUDTest - Botão cadastrar produto clicado.
19:21:54.711 INFO  pages.ProdutoPage - Tentando abrir o modal de cadastro de produto...
19:21:55.785 WARN  pages.ProdutoPage - Falha no clique direto. Tentando fallback via JS...
19:21:55.865 INFO  pages.ProdutoPage - Modal de cadastro aberto com sucesso.
19:21:55.866 INFO  tests.ProdutoCRUDTest - Modal de cadastro visível.
19:21:55.866 INFO  pages.ProdutoPage - Preenchendo formulário do produto: nome=Produto Teste 1765318915866, descricao=Descrição Teste, preco=59.90, estoque=20
19:21:55.892 INFO  pages.ProdutoPage - Selecionando categoria padrão: Periféricos
19:21:57.007 INFO  tests.ProdutoCRUDTest - Valor atual do select antes de confirmar: 10
19:21:57.007 INFO  pages.ProdutoPage - Confirmando cadastro do produto...
19:21:57.109 INFO  pages.ProdutoPage - Validando popup de sucesso...
19:21:57.657 INFO  pages.ProdutoPage - Popup de sucesso detectado e fechado: Produto cadastrado com sucesso.
19:21:57.657 INFO  tests.ProdutoCRUDTest - Popup de sucesso validado: true
]]></system-out>
    <system-err><![CDATA[dez. 09, 2025 7:21:52 PM org.openqa.selenium.devtools.CdpVersionFinder findNearestMatch
WARNING: Unable to find CDP implementation matching 143
dez. 09, 2025 7:21:52 PM org.openqa.selenium.chromium.ChromiumDriver lambda$new$5
WARNING: Unable to find version of CDP to use for 143.0.7499.40. You may need to include a dependency on a specific version of the CDP using something similar to `org.seleniumhq.selenium:selenium-devtools-v86:4.19.1` where the version ("v86") matches the version of the chromium-based browser you're using and the version number of the artifact is the same as Selenium's.
]]></system-err>
  </testcase>
</testsuite>